2020-11-18 12:42:05,433:INFO:PyCaret Supervised Module
2020-11-18 12:42:05,433:INFO:ML Usecase: regression
2020-11-18 12:42:05,433:INFO:version 2.2.1
2020-11-18 12:42:05,434:INFO:Initializing setup()
2020-11-18 12:42:05,434:INFO:setup(target=charges, ml_usecase=regression, available_plots={'parameter': 'Hyperparameters', 'residuals': 'Residuals', 'error': 'Prediction Error', 'cooks': 'Cooks Distance', 'rfe': 'Feature Selection', 'learning': 'Learning Curve', 'manifold': 'Manifold Learning', 'vc': 'Validation Curve', 'feature': 'Feature Importance', 'feature_all': 'Feature Importance (All)', 'tree': 'Decision Tree'}, train_size=0.7, test_data=None, preprocess=True, imputation_type=simple, iterative_imputation_iters=5, categorical_features=None, categorical_imputation=constant, categorical_iterative_imputer=lightgbm, ordinal_features=None, high_cardinality_features=None, high_cardinality_method=frequency, numeric_features=None, numeric_imputation=mean, numeric_iterative_imputer=lightgbm, date_features=None, ignore_features=None, normalize=False, normalize_method=zscore, transformation=False, transformation_method=yeo-johnson, handle_unknown_categorical=True, unknown_categorical_method=least_frequent, pca=False, pca_method=linear, pca_components=None, ignore_low_variance=False, combine_rare_levels=False, rare_level_threshold=0.1, bin_numeric_features=None, remove_outliers=False, outliers_threshold=0.05, remove_multicollinearity=False, multicollinearity_threshold=0.9, remove_perfect_collinearity=True, create_clusters=False, cluster_iter=20, polynomial_features=False, polynomial_degree=2, trigonometry_features=False, polynomial_threshold=0.1, group_features=None, group_names=None, feature_selection=False, feature_selection_threshold=0.8, feature_selection_method=classic, feature_interaction=False, feature_ratio=False, interaction_threshold=0.01, fix_imbalance=False, fix_imbalance_method=None, transform_target=False, transform_target_method=box-cox, data_split_shuffle=True, data_split_stratify=False, fold_strategy=kfold, fold=10, fold_shuffle=False, fold_groups=None, n_jobs=-1, use_gpu=False, custom_pipeline=None, html=True, session_id=123, log_experiment=False, experiment_name=None, log_plots=False, log_profile=False, log_data=False, silent=False, verbose=True, profile=False, profile_kwargs=None, display=None)
2020-11-18 12:42:05,434:INFO:Checking environment
2020-11-18 12:42:05,434:INFO:python_version: 3.7.9
2020-11-18 12:42:05,434:INFO:python_build: ('default', 'Aug 31 2020 17:10:11')
2020-11-18 12:42:05,434:INFO:machine: AMD64
2020-11-18 12:42:05,435:INFO:platform: Windows-10-10.0.19041-SP0
2020-11-18 12:42:05,435:INFO:Memory: svmem(total=34137526272, available=25784492032, percent=24.5, used=8353034240, free=25784492032)
2020-11-18 12:42:05,435:INFO:Physical Core: 4
2020-11-18 12:42:05,436:INFO:Logical Core: 8
2020-11-18 12:42:05,436:INFO:Checking libraries
2020-11-18 12:42:05,436:INFO:pd==0.25.1
2020-11-18 12:42:05,436:INFO:numpy==1.18.5
2020-11-18 12:42:05,436:INFO:sklearn==0.23.2
2020-11-18 12:42:09,078:INFO:xgboost==1.2.1
2020-11-18 12:42:09,078:INFO:lightgbm==3.1.0
2020-11-18 12:42:09,498:INFO:catboost==0.24.2
2020-11-18 12:42:11,962:INFO:mlflow==1.12.0
2020-11-18 12:42:11,963:INFO:Checking Exceptions
2020-11-18 12:42:11,963:INFO:Declaring global variables
2020-11-18 12:42:11,963:INFO:USI: c3a2
2020-11-18 12:42:11,963:INFO:pycaret_globals: {'master_model_container', 'experiment__', 'y_train', 'seed', 'html_param', 'USI', 'imputation_classifier', 'iterative_imputation_iters_param', 'prep_pipe', 'y', 'create_model_container', '_all_models', 'n_jobs_param', 'data_before_preprocess', '_all_metrics', 'X_train', '_available_plots', 'pycaret_globals', 'log_plots_param', 'fold_generator', 'X_test', 'X', '_all_models_internal', 'logging_param', '_internal_pipeline', 'gpu_param', 'fix_imbalance_method_param', 'fold_shuffle_param', 'transform_target_method_param', 'stratify_param', 'y_test', 'display_container', 'imputation_regressor', '_ml_usecase', 'fix_imbalance_param', 'fold_param', 'target_param', 'fold_groups_param', 'transform_target_param', 'exp_name_log', '_gpu_n_jobs_param'}
2020-11-18 12:42:11,963:INFO:Preparing display monitor
2020-11-18 12:42:11,963:INFO:Preparing display monitor
2020-11-18 12:42:11,977:INFO:Importing libraries
2020-11-18 12:42:11,977:INFO:Copying data for preprocessing
2020-11-18 12:42:11,990:INFO:Declaring preprocessing parameters
2020-11-18 12:42:11,992:INFO:Creating preprocessing pipeline
2020-11-18 12:42:12,002:INFO:Preprocessing pipeline created successfully
2020-11-18 12:42:12,002:ERROR:(Process Exit): setup has been interupted with user command 'quit'. setup must rerun.
2020-11-18 12:42:12,003:INFO:Creating global containers
2020-11-18 12:42:12,006:INFO:Internal pipeline: Pipeline(memory=None, steps=[('empty_step', 'passthrough')], verbose=False)
2020-11-18 12:42:18,546:INFO:Creating grid variables
2020-11-18 12:42:18,603:INFO:create_model_container: 0
2020-11-18 12:42:18,603:INFO:master_model_container: 0
2020-11-18 12:42:18,604:INFO:display_container: 0
2020-11-18 12:42:18,609:INFO:Pipeline(memory=None,
         steps=[('dtypes',
                 DataTypes_Auto_infer(categorical_features=[],
                                      display_types=True, features_todrop=[],
                                      id_columns=[], ml_usecase='regression',
                                      numerical_features=[], target='charges',
                                      time_features=[])),
                ('imputer',
                 Simple_Imputer(categorical_strategy='not_available',
                                fill_value_categorical=None,
                                fill_value_numerical=None,
                                numeric_strategy...
                ('scaling', 'passthrough'), ('P_transform', 'passthrough'),
                ('binn', 'passthrough'), ('rem_outliers', 'passthrough'),
                ('cluster_all', 'passthrough'),
                ('dummy', Dummify(target='charges')),
                ('fix_perfect', Remove_100(target='charges')),
                ('clean_names', Clean_Colum_Names()),
                ('feature_select', 'passthrough'), ('fix_multi', 'passthrough'),
                ('dfs', 'passthrough'), ('pca', 'passthrough')],
         verbose=False)
2020-11-18 12:42:18,610:INFO:setup() succesfully completed......................................
2020-11-18 12:42:18,753:INFO:Initializing create_model()
2020-11-18 12:42:18,753:INFO:create_model(estimator=lr, fold=None, round=4, cross_validation=True, predict=True, fit_kwargs=None, groups=None, refit=True, verbose=True, system=True, metrics=None, display=None, kwargs={})
2020-11-18 12:42:18,754:INFO:Checking exceptions
2020-11-18 12:42:18,754:INFO:Preparing display monitor
2020-11-18 12:42:18,779:INFO:Importing libraries
2020-11-18 12:42:18,779:INFO:Copying training dataset
2020-11-18 12:42:18,781:INFO:Defining folds
2020-11-18 12:42:18,781:INFO:Declaring metric variables
2020-11-18 12:42:18,794:INFO:Importing untrained model
2020-11-18 12:42:18,805:INFO:Linear Regression Imported succesfully
2020-11-18 12:42:18,832:INFO:Starting cross validation
2020-11-18 12:42:18,845:INFO:Cross validating with KFold(n_splits=10, random_state=123, shuffle=False), n_jobs=-1
2020-11-18 12:42:24,870:INFO:Calculating mean and std
2020-11-18 12:42:24,871:INFO:Creating metrics dataframe
2020-11-18 12:42:24,884:INFO:Finalizing model
2020-11-18 12:42:24,890:INFO:Uploading results into container
2020-11-18 12:42:24,890:INFO:Uploading model into container now
2020-11-18 12:42:24,943:INFO:create_model_container: 1
2020-11-18 12:42:24,943:INFO:master_model_container: 1
2020-11-18 12:42:24,943:INFO:display_container: 1
2020-11-18 12:42:24,943:INFO:LinearRegression(copy_X=True, fit_intercept=True, n_jobs=-1, normalize=False)
2020-11-18 12:42:24,944:INFO:create_model() succesfully completed......................................
2020-11-18 12:42:25,113:INFO:Initializing plot_model()
2020-11-18 12:42:25,113:INFO:plot_model(plot=residuals, fold=None, use_train_data=False, verbose=True, display=None, estimator=LinearRegression(copy_X=True, fit_intercept=True, n_jobs=-1, normalize=False), feature_name=None, fit_kwargs=None, groups=None, label=False, save=False, scale=1, system=True)
2020-11-18 12:42:25,113:INFO:Checking exceptions
2020-11-18 12:42:25,114:INFO:Preparing display monitor
2020-11-18 12:42:25,127:INFO:Preloading libraries
2020-11-18 12:42:25,128:INFO:Copying training dataset
2020-11-18 12:42:25,129:INFO:Copying test dataset
2020-11-18 12:42:25,129:INFO:Plot type: residuals
2020-11-18 12:42:25,422:INFO:Fitting Model
2020-11-18 12:42:25,457:INFO:Scoring test/hold-out set
2020-11-18 12:42:26,965:INFO:Visual Rendered Successfully
2020-11-18 12:42:27,050:INFO:plot_model() succesfully completed......................................
2020-11-18 12:42:46,616:INFO:PyCaret Supervised Module
2020-11-18 12:42:46,616:INFO:ML Usecase: regression
2020-11-18 12:42:46,617:INFO:version 2.2.1
2020-11-18 12:42:46,617:INFO:Initializing setup()
2020-11-18 12:42:46,617:INFO:setup(target=charges, ml_usecase=regression, available_plots={'parameter': 'Hyperparameters', 'residuals': 'Residuals', 'error': 'Prediction Error', 'cooks': 'Cooks Distance', 'rfe': 'Feature Selection', 'learning': 'Learning Curve', 'manifold': 'Manifold Learning', 'vc': 'Validation Curve', 'feature': 'Feature Importance', 'feature_all': 'Feature Importance (All)', 'tree': 'Decision Tree'}, train_size=0.7, test_data=None, preprocess=True, imputation_type=simple, iterative_imputation_iters=5, categorical_features=None, categorical_imputation=constant, categorical_iterative_imputer=lightgbm, ordinal_features=None, high_cardinality_features=None, high_cardinality_method=frequency, numeric_features=None, numeric_imputation=mean, numeric_iterative_imputer=lightgbm, date_features=None, ignore_features=None, normalize=True, normalize_method=zscore, transformation=False, transformation_method=yeo-johnson, handle_unknown_categorical=True, unknown_categorical_method=least_frequent, pca=False, pca_method=linear, pca_components=None, ignore_low_variance=False, combine_rare_levels=False, rare_level_threshold=0.1, bin_numeric_features=['age', 'bmi'], remove_outliers=False, outliers_threshold=0.05, remove_multicollinearity=False, multicollinearity_threshold=0.9, remove_perfect_collinearity=True, create_clusters=False, cluster_iter=20, polynomial_features=True, polynomial_degree=2, trigonometry_features=True, polynomial_threshold=0.1, group_features=None, group_names=None, feature_selection=False, feature_selection_threshold=0.8, feature_selection_method=classic, feature_interaction=True, feature_ratio=False, interaction_threshold=0.01, fix_imbalance=False, fix_imbalance_method=None, transform_target=False, transform_target_method=box-cox, data_split_shuffle=True, data_split_stratify=False, fold_strategy=kfold, fold=10, fold_shuffle=False, fold_groups=None, n_jobs=-1, use_gpu=False, custom_pipeline=None, html=True, session_id=123, log_experiment=False, experiment_name=None, log_plots=False, log_profile=False, log_data=False, silent=False, verbose=True, profile=False, profile_kwargs=None, display=None)
2020-11-18 12:42:46,617:INFO:Checking environment
2020-11-18 12:42:46,617:INFO:python_version: 3.7.9
2020-11-18 12:42:46,617:INFO:python_build: ('default', 'Aug 31 2020 17:10:11')
2020-11-18 12:42:46,618:INFO:machine: AMD64
2020-11-18 12:42:46,618:INFO:platform: Windows-10-10.0.19041-SP0
2020-11-18 12:42:46,618:INFO:Memory: svmem(total=34137526272, available=24843182080, percent=27.2, used=9294344192, free=24843182080)
2020-11-18 12:42:46,618:INFO:Physical Core: 4
2020-11-18 12:42:46,618:INFO:Logical Core: 8
2020-11-18 12:42:46,619:INFO:Checking libraries
2020-11-18 12:42:46,619:INFO:pd==0.25.1
2020-11-18 12:42:46,619:INFO:numpy==1.18.5
2020-11-18 12:42:46,619:INFO:sklearn==0.23.2
2020-11-18 12:42:46,619:INFO:xgboost==1.2.1
2020-11-18 12:42:46,619:INFO:lightgbm==3.1.0
2020-11-18 12:42:46,619:INFO:catboost==0.24.2
2020-11-18 12:42:46,619:INFO:mlflow==1.12.0
2020-11-18 12:42:46,619:INFO:Checking Exceptions
2020-11-18 12:42:46,620:INFO:Declaring global variables
2020-11-18 12:42:46,620:INFO:USI: 209a
2020-11-18 12:42:46,620:INFO:pycaret_globals: {'master_model_container', 'experiment__', 'y_train', 'seed', 'html_param', 'USI', 'imputation_classifier', 'iterative_imputation_iters_param', 'prep_pipe', 'y', 'create_model_container', '_all_models', 'n_jobs_param', 'data_before_preprocess', '_all_metrics', 'X_train', '_available_plots', 'pycaret_globals', 'log_plots_param', 'fold_generator', 'X_test', 'X', '_all_models_internal', 'logging_param', '_internal_pipeline', 'gpu_param', 'fix_imbalance_method_param', 'fold_shuffle_param', 'transform_target_method_param', 'stratify_param', 'y_test', 'display_container', 'imputation_regressor', '_ml_usecase', 'fix_imbalance_param', 'fold_param', 'target_param', 'fold_groups_param', 'transform_target_param', 'exp_name_log', '_gpu_n_jobs_param'}
2020-11-18 12:42:46,620:INFO:Preparing display monitor
2020-11-18 12:42:46,620:INFO:Preparing display monitor
2020-11-18 12:42:46,641:INFO:Importing libraries
2020-11-18 12:42:46,641:INFO:Copying data for preprocessing
2020-11-18 12:42:46,655:INFO:Declaring preprocessing parameters
2020-11-18 12:42:46,657:INFO:Creating preprocessing pipeline
2020-11-18 12:42:46,672:INFO:Preprocessing pipeline created successfully
2020-11-18 12:42:46,672:ERROR:(Process Exit): setup has been interupted with user command 'quit'. setup must rerun.
2020-11-18 12:42:46,672:INFO:Creating global containers
2020-11-18 12:42:46,673:INFO:Internal pipeline: Pipeline(memory=None, steps=[('empty_step', 'passthrough')], verbose=False)
2020-11-18 12:42:51,801:INFO:Creating grid variables
2020-11-18 12:42:51,849:INFO:create_model_container: 0
2020-11-18 12:42:51,849:INFO:master_model_container: 0
2020-11-18 12:42:51,849:INFO:display_container: 0
2020-11-18 12:42:51,860:INFO:Pipeline(memory=None,
         steps=[('dtypes',
                 DataTypes_Auto_infer(categorical_features=[],
                                      display_types=True, features_todrop=[],
                                      id_columns=[], ml_usecase='regression',
                                      numerical_features=[], target='charges',
                                      time_features=[])),
                ('imputer',
                 Simple_Imputer(categorical_strategy='not_available',
                                fill_value_categorical=None,
                                fill_value_numerical=None,
                                numeric_strategy...
                ('dummy', Dummify(target='charges')),
                ('fix_perfect', Remove_100(target='charges')),
                ('clean_names', Clean_Colum_Names()),
                ('feature_select', 'passthrough'), ('fix_multi', 'passthrough'),
                ('dfs',
                 DFS_Classic(interactions=['multiply'], ml_usecase='regression',
                             random_state=123, subclass='binary',
                             target='charges',
                             top_features_to_pick_percentage=None)),
                ('pca', 'passthrough')],
         verbose=False)
2020-11-18 12:42:51,861:INFO:setup() succesfully completed......................................
2020-11-18 12:43:52,360:INFO:Initializing create_model()
2020-11-18 12:43:52,361:INFO:create_model(estimator=lr, fold=None, round=4, cross_validation=True, predict=True, fit_kwargs=None, groups=None, refit=True, verbose=True, system=True, metrics=None, display=None, kwargs={})
2020-11-18 12:43:52,361:INFO:Checking exceptions
2020-11-18 12:43:52,361:INFO:Preparing display monitor
2020-11-18 12:43:52,392:INFO:Importing libraries
2020-11-18 12:43:52,392:INFO:Copying training dataset
2020-11-18 12:43:52,393:INFO:Defining folds
2020-11-18 12:43:52,393:INFO:Declaring metric variables
2020-11-18 12:43:52,405:INFO:Importing untrained model
2020-11-18 12:43:52,416:INFO:Linear Regression Imported succesfully
2020-11-18 12:43:52,439:INFO:Starting cross validation
2020-11-18 12:43:52,440:INFO:Cross validating with KFold(n_splits=10, random_state=123, shuffle=False), n_jobs=-1
2020-11-18 12:43:52,551:INFO:Calculating mean and std
2020-11-18 12:43:52,553:INFO:Creating metrics dataframe
2020-11-18 12:43:52,571:INFO:Finalizing model
2020-11-18 12:43:52,614:INFO:Uploading results into container
2020-11-18 12:43:52,615:INFO:Uploading model into container now
2020-11-18 12:43:52,669:INFO:create_model_container: 1
2020-11-18 12:43:52,669:INFO:master_model_container: 1
2020-11-18 12:43:52,669:INFO:display_container: 1
2020-11-18 12:43:52,670:INFO:LinearRegression(copy_X=True, fit_intercept=True, n_jobs=-1, normalize=False)
2020-11-18 12:43:52,670:INFO:create_model() succesfully completed......................................
2020-11-18 12:43:56,045:INFO:Initializing plot_model()
2020-11-18 12:43:56,045:INFO:plot_model(plot=residuals, fold=None, use_train_data=False, verbose=True, display=None, estimator=LinearRegression(copy_X=True, fit_intercept=True, n_jobs=-1, normalize=False), feature_name=None, fit_kwargs=None, groups=None, label=False, save=False, scale=1, system=True)
2020-11-18 12:43:56,045:INFO:Checking exceptions
2020-11-18 12:43:56,046:INFO:Preparing display monitor
2020-11-18 12:43:56,053:INFO:Preloading libraries
2020-11-18 12:43:56,055:INFO:Copying training dataset
2020-11-18 12:43:56,056:INFO:Copying test dataset
2020-11-18 12:43:56,057:INFO:Plot type: residuals
2020-11-18 12:43:56,087:INFO:Fitting Model
2020-11-18 12:43:56,135:INFO:Scoring test/hold-out set
2020-11-18 12:43:57,308:INFO:Visual Rendered Successfully
2020-11-18 12:43:57,399:INFO:plot_model() succesfully completed......................................
2020-11-18 12:43:59,904:INFO:Initializing save_model()
2020-11-18 12:43:59,904:INFO:save_model(model=LinearRegression(copy_X=True, fit_intercept=True, n_jobs=-1, normalize=False), model_name=deployment_28042020, prep_pipe_=Pipeline(memory=None,
         steps=[('dtypes',
                 DataTypes_Auto_infer(categorical_features=[],
                                      display_types=True, features_todrop=[],
                                      id_columns=[], ml_usecase='regression',
                                      numerical_features=[], target='charges',
                                      time_features=[])),
                ('imputer',
                 Simple_Imputer(categorical_strategy='not_available',
                                fill_value_categorical=None,
                                fill_value_numerical=None,
                                numeric_strategy...
                ('dummy', Dummify(target='charges')),
                ('fix_perfect', Remove_100(target='charges')),
                ('clean_names', Clean_Colum_Names()),
                ('feature_select', 'passthrough'), ('fix_multi', 'passthrough'),
                ('dfs',
                 DFS_Classic(interactions=['multiply'], ml_usecase='regression',
                             random_state=123, subclass='binary',
                             target='charges',
                             top_features_to_pick_percentage=None)),
                ('pca', 'passthrough')],
         verbose=False), verbose=True)
2020-11-18 12:43:59,904:INFO:Adding model into prep_pipe
2020-11-18 12:43:59,933:INFO:deployment_28042020.pkl saved in current working directory
2020-11-18 12:43:59,940:INFO:Pipeline(memory=None,
         steps=[('dtypes',
                 DataTypes_Auto_infer(categorical_features=[],
                                      display_types=True, features_todrop=[],
                                      id_columns=[], ml_usecase='regression',
                                      numerical_features=[], target='charges',
                                      time_features=[])),
                ('imputer',
                 Simple_Imputer(categorical_strategy='not_available',
                                fill_value_categorical=None,
                                fill_value_numerical=None,
                                numeric_strategy...
                ('feature_select', 'passthrough'), ('fix_multi', 'passthrough'),
                ('dfs',
                 DFS_Classic(interactions=['multiply'], ml_usecase='regression',
                             random_state=123, subclass='binary',
                             target='charges',
                             top_features_to_pick_percentage=None)),
                ('pca', 'passthrough'),
                ['trained_model',
                 LinearRegression(copy_X=True, fit_intercept=True, n_jobs=-1,
                                  normalize=False)]],
         verbose=False)
2020-11-18 12:43:59,940:INFO:save_model() succesfully completed......................................
2020-11-18 12:44:46,176:INFO:Initializing load_model()
2020-11-18 12:44:46,177:INFO:load_model(model_name=deployment_28042020, platform=None, authentication=None, verbose=True)
